Thank you for choosing the Potts Model :)
Lattice Length = 32
T = 1.5
spin update rate = 0.434066
n = 0
n = 100000
n = 200000
n = 300000
n = 400000
Lattice Length = 32
T = 1.4
spin update rate = 0.402657
n = 0
n = 100000
n = 200000
n = 300000
n = 400000
Lattice Length = 32
T = 1.3
spin update rate = 0.367631
n = 0
n = 100000
n = 200000
n = 300000
n = 400000
Lattice Length = 32
T = 1.2
spin update rate = 0.328079
n = 0
n = 100000
n = 200000
n = 300000
n = 400000
Lattice Length = 32
T = 1.1
spin update rate = 0.284181
n = 0
n = 100000
n = 200000
n = 300000
n = 400000
Lattice Length = 32
T = 1.05
spin update rate = 0.262491
n = 0
n = 100000
n = 200000
n = 300000
n = 400000
Lattice Length = 32
T = 1
spin update rate = 0.23997
n = 0
n = 100000
n = 200000
n = 300000
n = 400000
Lattice Length = 32
T = 0.95
spin update rate = 0.222117
n = 0
n = 100000
n = 200000
n = 300000
n = 400000
Lattice Length = 32
T = 0.9
spin update rate = 0.206633
n = 0
n = 100000
n = 200000
n = 300000
n = 400000
Lattice Length = 32
T = 0.85
spin update rate = 0.193137
n = 0
n = 100000
n = 200000
n = 300000
n = 400000
Lattice Length = 32
T = 0.8
spin update rate = 0.180694
n = 0
n = 100000
n = 200000
n = 300000
n = 400000
Lattice Length = 32
T = 0.75
spin update rate = 0.168495
n = 0
n = 100000
n = 200000
n = 300000
n = 400000
Lattice Length = 32
T = 0.7
spin update rate = 0.157368
n = 0
n = 100000
n = 200000
n = 300000
n = 400000
Lattice Length = 32
T = 0.65
spin update rate = 0.144949
n = 0
n = 100000
n = 200000
n = 300000
n = 400000
Lattice Length = 32
T = 0.55
spin update rate = 0.117606
n = 0
n = 100000
n = 200000
n = 300000
n = 400000
Lattice Length = 32
T = 0.45
spin update rate = 0.0968159
n = 0
n = 100000
n = 200000
n = 300000
n = 400000
Lattice Length = 32
T = 0.35
spin update rate = 0.0866234
n = 0
n = 100000
n = 200000
n = 300000
n = 400000
Lattice Length = 32
T = 0.25
spin update rate = 0.0836552
n = 0
n = 100000
n = 200000
n = 300000
n = 400000
Lattice Length = 32
T = 0.15
spin update rate = 0.0832953
n = 0
n = 100000
n = 200000
n = 300000
n = 400000
Lattice Length = 32
T = 0.05
spin update rate = 0.0833872
n = 0
n = 100000
n = 200000
n = 300000
n = 400000
