Thank you for choosing the Potts Model :)
Lattice Length = 4
T = 1.5
spin update rate = 0.389331
n = 0
n = 100000
n = 200000
n = 300000
n = 400000
Lattice Length = 4
T = 1.4
spin update rate = 0.354641
n = 0
n = 100000
n = 200000
n = 300000
n = 400000
Lattice Length = 4
T = 1.3
spin update rate = 0.318853
n = 0
n = 100000
n = 200000
n = 300000
n = 400000
Lattice Length = 4
T = 1.2
spin update rate = 0.283678
n = 0
n = 100000
n = 200000
n = 300000
n = 400000
Lattice Length = 4
T = 1.1
spin update rate = 0.25025
n = 0
n = 100000
n = 200000
n = 300000
n = 400000
Lattice Length = 4
T = 1
spin update rate = 0.223238
n = 0
n = 100000
n = 200000
n = 300000
n = 400000
Lattice Length = 4
T = 0.9
spin update rate = 0.199875
n = 0
n = 100000
n = 200000
n = 300000
n = 400000
Lattice Length = 4
T = 0.8
spin update rate = 0.174434
n = 0
n = 100000
n = 200000
n = 300000
n = 400000
Lattice Length = 4
T = 0.7
spin update rate = 0.151797
n = 0
n = 100000
n = 200000
n = 300000
n = 400000
Lattice Length = 4
T = 0.6
spin update rate = 0.128872
n = 0
n = 100000
n = 200000
n = 300000
n = 400000
Lattice Length = 4
T = 0.5
spin update rate = 0.105819
n = 0
n = 100000
n = 200000
n = 300000
n = 400000
Lattice Length = 4
T = 0.4
spin update rate = 0.0904188
n = 0
n = 100000
n = 200000
n = 300000
n = 400000
Lattice Length = 4
T = 0.3
spin update rate = 0.0847344
n = 0
n = 100000
n = 200000
n = 300000
n = 400000
Lattice Length = 4
T = 0.2
spin update rate = 0.0842
n = 0
n = 100000
n = 200000
n = 300000
n = 400000
Lattice Length = 4
T = 0.1
spin update rate = 0.0829562
n = 0
n = 100000
n = 200000
n = 300000
n = 400000
Thank you for choosing the Potts Model :)
Lattice Length = 8
T = 1.5
spin update rate = 0.430505
n = 0
n = 100000
n = 200000
n = 300000
n = 400000
Lattice Length = 8
T = 1.4
spin update rate = 0.393998
n = 0
n = 100000
n = 200000
n = 300000
n = 400000
Lattice Length = 8
T = 1.3
spin update rate = 0.353434
n = 0
n = 100000
n = 200000
n = 300000
n = 400000
Lattice Length = 8
T = 1.2
spin update rate = 0.310784
n = 0
n = 100000
n = 200000
n = 300000
n = 400000
Lattice Length = 8
T = 1.1
spin update rate = 0.269029
n = 0
n = 100000
n = 200000
n = 300000
n = 400000
Lattice Length = 8
T = 1
spin update rate = 0.233905
n = 0
n = 100000
n = 200000
n = 300000
n = 400000
Lattice Length = 8
T = 0.9
spin update rate = 0.204386
n = 0
n = 100000
n = 200000
n = 300000
n = 400000
Lattice Length = 8
T = 0.8
spin update rate = 0.179372
n = 0
n = 100000
n = 200000
n = 300000
n = 400000
Lattice Length = 8
T = 0.7
spin update rate = 0.155134
n = 0
n = 100000
n = 200000
n = 300000
n = 400000
Lattice Length = 8
T = 0.6
spin update rate = 0.129933
n = 0
n = 100000
n = 200000
n = 300000
n = 400000
Lattice Length = 8
T = 0.5
spin update rate = 0.106184
n = 0
n = 100000
n = 200000
n = 300000
n = 400000
Lattice Length = 8
T = 0.4
spin update rate = 0.090225
n = 0
n = 100000
n = 200000
n = 300000
n = 400000
Lattice Length = 8
T = 0.3
spin update rate = 0.0845547
n = 0
n = 100000
n = 200000
n = 300000
n = 400000
Lattice Length = 8
T = 0.2
spin update rate = 0.0830492
n = 0
n = 100000
n = 200000
n = 300000
n = 400000
Lattice Length = 8
T = 0.1
spin update rate = 0.0832406
n = 0
n = 100000
n = 200000
n = 300000
n = 400000
Thank you for choosing the Potts Model :)
Lattice Length = 12
T = 1.5
spin update rate = 0.434556
n = 0
n = 100000
n = 200000
n = 300000
n = 400000
Lattice Length = 12
T = 1.4
spin update rate = 0.401019
n = 0
n = 100000
n = 200000
n = 300000
n = 400000
Lattice Length = 12
T = 1.3
spin update rate = 0.364559
n = 0
n = 100000
n = 200000
n = 300000
n = 400000
Lattice Length = 12
T = 1.2
spin update rate = 0.322987
n = 0
n = 100000
n = 200000
n = 300000
n = 400000
Lattice Length = 12
T = 1.1
spin update rate = 0.278214
n = 0
n = 100000
n = 200000
n = 300000
n = 400000
Lattice Length = 12
T = 1
spin update rate = 0.23508
n = 0
n = 100000
n = 200000
n = 300000
n = 400000
Lattice Length = 12
T = 0.9
spin update rate = 0.205463
n = 0
n = 100000
n = 200000
n = 300000
n = 400000
Lattice Length = 12
T = 0.8
spin update rate = 0.179965
n = 0
n = 100000
n = 200000
n = 300000
n = 400000
Lattice Length = 12
T = 0.7
spin update rate = 0.157057
n = 0
n = 100000
n = 200000
n = 300000
n = 400000
Lattice Length = 12
T = 0.6
spin update rate = 0.130509
n = 0
n = 100000
n = 200000
n = 300000
n = 400000
Lattice Length = 12
T = 0.5
spin update rate = 0.10593
n = 0
n = 100000
n = 200000
n = 300000
n = 400000
Lattice Length = 12
T = 0.4
spin update rate = 0.0905979
n = 0
n = 100000
n = 200000
n = 300000
n = 400000
Lattice Length = 12
T = 0.3
spin update rate = 0.0847431
n = 0
n = 100000
n = 200000
n = 300000
n = 400000
Lattice Length = 12
T = 0.2
spin update rate = 0.0831458
n = 0
n = 100000
n = 200000
n = 300000
n = 400000
Lattice Length = 12
T = 0.1
spin update rate = 0.0834802
n = 0
n = 100000
n = 200000
n = 300000
n = 400000
Thank you for choosing the Potts Model :)
Lattice Length = 16
T = 1.5
spin update rate = 0.434272
n = 0
n = 100000
n = 200000
n = 300000
n = 400000
Lattice Length = 16
T = 1.4
spin update rate = 0.402999
n = 0
n = 100000
n = 200000
n = 300000
n = 400000
Lattice Length = 16
T = 1.3
spin update rate = 0.36713
n = 0
n = 100000
n = 200000
n = 300000
n = 400000
Lattice Length = 16
T = 1.2
spin update rate = 0.325727
n = 0
n = 100000
n = 200000
n = 300000
n = 400000
Lattice Length = 16
T = 1.1
spin update rate = 0.278422
n = 0
n = 100000
n = 200000
n = 300000
n = 400000
Lattice Length = 16
T = 1
spin update rate = 0.237653
n = 0
n = 100000
n = 200000
n = 300000
n = 400000
Lattice Length = 16
T = 0.9
spin update rate = 0.206018
n = 0
n = 100000
n = 200000
n = 300000
n = 400000
Lattice Length = 16
T = 0.8
spin update rate = 0.180042
n = 0
n = 100000
n = 200000
n = 300000
n = 400000
Lattice Length = 16
T = 0.7
spin update rate = 0.156917
n = 0
n = 100000
n = 200000
n = 300000
n = 400000
Lattice Length = 16
T = 0.6
spin update rate = 0.131195
n = 0
n = 100000
n = 200000
n = 300000
n = 400000
Lattice Length = 16
T = 0.5
spin update rate = 0.106304
n = 0
n = 100000
n = 200000
n = 300000
n = 400000
Lattice Length = 16
T = 0.4
spin update rate = 0.0905688
n = 0
n = 100000
n = 200000
n = 300000
n = 400000
Lattice Length = 16
T = 0.3
spin update rate = 0.0845381
n = 0
n = 100000
n = 200000
n = 300000
n = 400000
Lattice Length = 16
T = 0.2
spin update rate = 0.0832119
n = 0
n = 100000
n = 200000
n = 300000
n = 400000
Lattice Length = 16
T = 0.1
spin update rate = 0.0833385
n = 0
n = 100000
n = 200000
n = 300000
n = 400000
Thank you for choosing the Potts Model :)
Lattice Length = 20
T = 1.5
spin update rate = 0.43343
n = 0
n = 100000
n = 200000
n = 300000
n = 400000
Lattice Length = 20
T = 1.4
spin update rate = 0.402086
n = 0
n = 100000
n = 200000
n = 300000
n = 400000
Lattice Length = 20
T = 1.3
spin update rate = 0.367167
n = 0
n = 100000
n = 200000
n = 300000
n = 400000
Lattice Length = 20
T = 1.2
spin update rate = 0.327514
n = 0
n = 100000
n = 200000
n = 300000
n = 400000
Lattice Length = 20
T = 1.1
spin update rate = 0.281727
n = 0
n = 100000
n = 200000
n = 300000
n = 400000
Lattice Length = 20
T = 1
spin update rate = 0.238061
n = 0
n = 100000
n = 200000
n = 300000
n = 400000
Lattice Length = 20
T = 0.9
spin update rate = 0.206693
n = 0
n = 100000
n = 200000
n = 300000
n = 400000
Lattice Length = 20
T = 0.8
spin update rate = 0.180811
n = 0
n = 100000
n = 200000
n = 300000
n = 400000
Lattice Length = 20
T = 0.7
spin update rate = 0.157038
n = 0
n = 100000
n = 200000
n = 300000
n = 400000
Lattice Length = 20
T = 0.6
spin update rate = 0.131038
n = 0
n = 100000
n = 200000
n = 300000
n = 400000
Lattice Length = 20
T = 0.5
spin update rate = 0.106467
n = 0
n = 100000
n = 200000
n = 300000
n = 400000
Lattice Length = 20
T = 0.4
spin update rate = 0.0904588
n = 0
n = 100000
n = 200000
n = 300000
n = 400000
Lattice Length = 20
T = 0.3
spin update rate = 0.0846984
n = 0
n = 100000
n = 200000
n = 300000
n = 400000
Lattice Length = 20
T = 0.2
spin update rate = 0.0834158
n = 0
n = 100000
n = 200000
n = 300000
n = 400000
Lattice Length = 20
T = 0.1
spin update rate = 0.0834335
n = 0
n = 100000
n = 200000
n = 300000
n = 400000
Thank you for choosing the Potts Model :)
Lattice Length = 32
T = 1.5
spin update rate = 0.434173
n = 0
n = 100000
n = 200000
n = 300000
n = 400000
Lattice Length = 32
T = 1.4
spin update rate = 0.403042
n = 0
n = 100000
n = 200000
n = 300000
n = 400000
Lattice Length = 32
T = 1.3
spin update rate = 0.367375
n = 0
n = 100000
n = 200000
n = 300000
n = 400000
Lattice Length = 32
T = 1.2
spin update rate = 0.328699
n = 0
n = 100000
n = 200000
n = 300000
n = 400000
Lattice Length = 32
T = 1.1
spin update rate = 0.285007
n = 0
n = 100000
n = 200000
n = 300000
n = 400000
Lattice Length = 32
T = 1
spin update rate = 0.240583
n = 0
n = 100000
n = 200000
n = 300000
n = 400000
Lattice Length = 32
T = 0.9
spin update rate = 0.20656
n = 0
n = 100000
n = 200000
n = 300000
n = 400000
Lattice Length = 32
T = 0.8
spin update rate = 0.180808
n = 0
n = 100000
n = 200000
n = 300000
n = 400000
Lattice Length = 32
T = 0.7
spin update rate = 0.157189
n = 0
n = 100000
n = 200000
n = 300000
n = 400000
Lattice Length = 32
T = 0.6
spin update rate = 0.131382
n = 0
n = 100000
n = 200000
n = 300000
n = 400000
Lattice Length = 32
T = 0.5
spin update rate = 0.106033
n = 0
n = 100000
n = 200000
n = 300000
n = 400000
Lattice Length = 32
T = 0.4
spin update rate = 0.0906242
n = 0
n = 100000
n = 200000
n = 300000
n = 400000
Lattice Length = 32
T = 0.3
spin update rate = 0.0844712
n = 0
n = 100000
n = 200000
n = 300000
n = 400000
Lattice Length = 32
T = 0.2
spin update rate = 0.0834248
n = 0
n = 100000
n = 200000
n = 300000
n = 400000
Lattice Length = 32
T = 0.1
spin update rate = 0.0832858
n = 0
n = 100000
n = 200000
n = 300000
n = 400000
Thank you for choosing the Potts Model :)
Lattice Length = 48
T = 1.5
spin update rate = 0.433571
n = 0
n = 100000
n = 200000
n = 300000
n = 400000
Lattice Length = 48
T = 1.4
spin update rate = 0.402665
n = 0
n = 100000
