Thank you for choosing the Potts Model :)
Lattice Length = 20
T = 1.5
spin update rate = 0.434008
n = 0
n = 100000
n = 200000
n = 300000
n = 400000
Lattice Length = 20
T = 1.4
spin update rate = 0.403192
n = 0
n = 100000
n = 200000
n = 300000
n = 400000
Lattice Length = 20
T = 1.3
spin update rate = 0.36676
n = 0
n = 100000
n = 200000
n = 300000
n = 400000
Lattice Length = 20
T = 1.2
spin update rate = 0.325332
n = 0
n = 100000
n = 200000
n = 300000
n = 400000
Lattice Length = 20
T = 1.1
spin update rate = 0.280653
n = 0
n = 100000
n = 200000
n = 300000
n = 400000
Lattice Length = 20
T = 1.05
spin update rate = 0.259197
n = 0
n = 100000
n = 200000
n = 300000
n = 400000
Lattice Length = 20
T = 1
spin update rate = 0.238387
n = 0
n = 100000
n = 200000
n = 300000
n = 400000
Lattice Length = 20
T = 0.95
spin update rate = 0.221841
n = 0
n = 100000
n = 200000
n = 300000
n = 400000
Lattice Length = 20
T = 0.9
spin update rate = 0.20656
n = 0
n = 100000
n = 200000
n = 300000
n = 400000
Lattice Length = 20
T = 0.85
spin update rate = 0.192876
n = 0
n = 100000
n = 200000
n = 300000
n = 400000
Lattice Length = 20
T = 0.8
spin update rate = 0.180199
n = 0
n = 100000
n = 200000
n = 300000
n = 400000
Lattice Length = 20
T = 0.75
spin update rate = 0.168605
n = 0
n = 100000
n = 200000
n = 300000
n = 400000
Lattice Length = 20
T = 0.7
spin update rate = 0.157593
n = 0
n = 100000
n = 200000
n = 300000
n = 400000
Lattice Length = 20
T = 0.65
spin update rate = 0.144928
n = 0
n = 100000
n = 200000
n = 300000
n = 400000
Lattice Length = 20
T = 0.55
spin update rate = 0.117805
n = 0
n = 100000
n = 200000
n = 300000
n = 400000
Lattice Length = 20
T = 0.45
spin update rate = 0.0969075
n = 0
n = 100000
n = 200000
n = 300000
n = 400000
Lattice Length = 20
T = 0.35
spin update rate = 0.0868026
n = 0
n = 100000
n = 200000
n = 300000
n = 400000
Lattice Length = 20
T = 0.25
spin update rate = 0.0838191
n = 0
n = 100000
n = 200000
n = 300000
n = 400000
Lattice Length = 20
T = 0.15
spin update rate = 0.0833649
n = 0
n = 100000
n = 200000
n = 300000
n = 400000
Lattice Length = 20
T = 0.05
spin update rate = 0.0834553
n = 0
n = 100000
n = 200000
n = 300000
n = 400000
