Thank you for choosing the Potts Model :)
Lattice Length = 72
T = 1.5
spin update rate = 0.433764
n = 0
n = 100000
n = 200000
n = 300000
n = 400000
Lattice Length = 72
T = 1.4
spin update rate = 0.402615
n = 0
n = 100000
n = 200000
n = 300000
n = 400000
Lattice Length = 72
T = 1.3
spin update rate = 0.367673
n = 0
n = 100000
n = 200000
n = 300000
n = 400000
Lattice Length = 72
T = 1.2
spin update rate = 0.327824
n = 0
n = 100000
n = 200000
n = 300000
n = 400000
Lattice Length = 72
T = 1.1
spin update rate = 0.285226
n = 0
n = 100000
n = 200000
n = 300000
n = 400000
Lattice Length = 72
T = 1.05
spin update rate = 0.263658
n = 0
n = 100000
n = 200000
n = 300000
n = 400000
Lattice Length = 72
T = 1
spin update rate = 0.241317
n = 0
n = 100000
n = 200000
n = 300000
n = 400000
Lattice Length = 72
T = 0.95
spin update rate = 0.222849
n = 0
n = 100000
n = 200000
n = 300000
n = 400000
Lattice Length = 72
T = 0.9
spin update rate = 0.207199
n = 0
n = 100000
n = 200000
n = 300000
n = 400000
Lattice Length = 72
T = 0.85
spin update rate = 0.193342
n = 0
n = 100000
n = 200000
n = 300000
n = 400000
Lattice Length = 72
T = 0.8
spin update rate = 0.180879
n = 0
n = 100000
n = 200000
n = 300000
n = 400000
Lattice Length = 72
T = 0.75
spin update rate = 0.168735
n = 0
n = 100000
n = 200000
n = 300000
