Thank you for choosing the Potts Model :)
Lattice Length = 16
T = 1.5
spin update rate = 0.433449
n = 0
n = 100000
n = 200000
n = 300000
n = 400000
Lattice Length = 16
T = 1.4
spin update rate = 0.401195
n = 0
n = 100000
n = 200000
n = 300000
n = 400000
Lattice Length = 16
T = 1.3
spin update rate = 0.367031
n = 0
n = 100000
n = 200000
n = 300000
n = 400000
Lattice Length = 16
T = 1.2
spin update rate = 0.324765
n = 0
n = 100000
n = 200000
n = 300000
n = 400000
Lattice Length = 16
T = 1.1
spin update rate = 0.280126
n = 0
n = 100000
n = 200000
n = 300000
n = 400000
Lattice Length = 16
T = 1.05
spin update rate = 0.258187
n = 0
n = 100000
n = 200000
n = 300000
n = 400000
Lattice Length = 16
T = 1
spin update rate = 0.23744
n = 0
n = 100000
n = 200000
n = 300000
n = 400000
Lattice Length = 16
T = 0.95
spin update rate = 0.220529
n = 0
n = 100000
n = 200000
n = 300000
n = 400000
Lattice Length = 16
T = 0.9
spin update rate = 0.206347
n = 0
n = 100000
n = 200000
n = 300000
n = 400000
Lattice Length = 16
T = 0.85
spin update rate = 0.193215
n = 0
n = 100000
n = 200000
n = 300000
n = 400000
Lattice Length = 16
T = 0.8
spin update rate = 0.179532
n = 0
n = 100000
n = 200000
n = 300000
n = 400000
Lattice Length = 16
T = 0.75
spin update rate = 0.168176
n = 0
n = 100000
n = 200000
n = 300000
n = 400000
Lattice Length = 16
T = 0.7
spin update rate = 0.157118
n = 0
n = 100000
n = 200000
n = 300000
n = 400000
Lattice Length = 16
T = 0.65
spin update rate = 0.144344
n = 0
n = 100000
n = 200000
n = 300000
n = 400000
Lattice Length = 16
T = 0.55
spin update rate = 0.117734
n = 0
n = 100000
n = 200000
n = 300000
n = 400000
Lattice Length = 16
T = 0.45
spin update rate = 0.0964193
n = 0
n = 100000
n = 200000
n = 300000
n = 400000
Lattice Length = 16
T = 0.35
spin update rate = 0.0866205
n = 0
n = 100000
n = 200000
n = 300000
n = 400000
Lattice Length = 16
T = 0.25
spin update rate = 0.0834324
n = 0
n = 100000
n = 200000
n = 300000
n = 400000
Lattice Length = 16
T = 0.15
spin update rate = 0.0832389
n = 0
n = 100000
n = 200000
n = 300000
n = 400000
Lattice Length = 16
T = 0.05
spin update rate = 0.0834391
n = 0
n = 100000
n = 200000
n = 300000
n = 400000
