Thank you for choosing the Potts Model :)
Lattice Length = 4
T = 1.5
spin update rate = 0.390694
n = 0
n = 100000
n = 200000
n = 300000
n = 400000
Lattice Length = 4
T = 1.4
spin update rate = 0.352328
n = 0
n = 100000
n = 200000
n = 300000
n = 400000
Lattice Length = 4
T = 1.3
spin update rate = 0.3221
n = 0
n = 100000
n = 200000
n = 300000
n = 400000
Lattice Length = 4
T = 1.2
spin update rate = 0.282672
n = 0
n = 100000
n = 200000
n = 300000
n = 400000
Lattice Length = 4
T = 1.1
spin update rate = 0.248728
n = 0
n = 100000
n = 200000
n = 300000
n = 400000
Lattice Length = 4
T = 1.05
spin update rate = 0.237853
n = 0
n = 100000
n = 200000
n = 300000
n = 400000
Lattice Length = 4
T = 1
spin update rate = 0.223816
n = 0
n = 100000
n = 200000
n = 300000
n = 400000
Lattice Length = 4
T = 0.95
spin update rate = 0.210272
n = 0
n = 100000
n = 200000
n = 300000
n = 400000
Lattice Length = 4
T = 0.9
spin update rate = 0.19745
n = 0
n = 100000
n = 200000
n = 300000
n = 400000
Lattice Length = 4
T = 0.85
spin update rate = 0.188669
n = 0
n = 100000
n = 200000
n = 300000
n = 400000
Lattice Length = 4
T = 0.8
spin update rate = 0.175519
n = 0
n = 100000
n = 200000
n = 300000
n = 400000
Lattice Length = 4
T = 0.75
spin update rate = 0.164131
n = 0
n = 100000
n = 200000
n = 300000
n = 400000
Lattice Length = 4
T = 0.7
spin update rate = 0.152866
n = 0
n = 100000
n = 200000
n = 300000
n = 400000
Lattice Length = 4
T = 0.65
spin update rate = 0.140013
n = 0
n = 100000
n = 200000
n = 300000
n = 400000
Lattice Length = 4
T = 0.55
spin update rate = 0.117078
n = 0
n = 100000
n = 200000
n = 300000
n = 400000
Lattice Length = 4
T = 0.45
spin update rate = 0.097025
n = 0
n = 100000
n = 200000
n = 300000
n = 400000
Lattice Length = 4
T = 0.35
spin update rate = 0.0870688
n = 0
n = 100000
n = 200000
n = 300000
n = 400000
Lattice Length = 4
T = 0.25
spin update rate = 0.0840156
n = 0
n = 100000
n = 200000
n = 300000
n = 400000
Lattice Length = 4
T = 0.15
spin update rate = 0.0842125
n = 0
n = 100000
n = 200000
n = 300000
n = 400000
Lattice Length = 4
T = 0.05
spin update rate = 0.0834094
n = 0
n = 100000
n = 200000
n = 300000
n = 400000
