Thank you for choosing the Potts Model :)
Lattice Length = 12
T = 1.5
spin update rate = 0.43288
n = 0
n = 100000
n = 200000
n = 300000
n = 400000
Lattice Length = 12
T = 1.4
spin update rate = 0.401092
n = 0
n = 100000
n = 200000
n = 300000
n = 400000
Lattice Length = 12
T = 1.3
spin update rate = 0.362625
n = 0
n = 100000
n = 200000
n = 300000
n = 400000
Lattice Length = 12
T = 1.2
spin update rate = 0.32058
n = 0
n = 100000
n = 200000
n = 300000
n = 400000
Lattice Length = 12
T = 1.1
spin update rate = 0.277366
n = 0
n = 100000
n = 200000
n = 300000
n = 400000
Lattice Length = 12
T = 1.05
spin update rate = 0.254496
n = 0
n = 100000
n = 200000
n = 300000
n = 400000
Lattice Length = 12
T = 1
spin update rate = 0.237741
n = 0
n = 100000
n = 200000
n = 300000
n = 400000
Lattice Length = 12
T = 0.95
spin update rate = 0.219319
n = 0
n = 100000
n = 200000
n = 300000
n = 400000
Lattice Length = 12
T = 0.9
spin update rate = 0.205608
n = 0
n = 100000
n = 200000
n = 300000
n = 400000
Lattice Length = 12
T = 0.85
spin update rate = 0.192472
n = 0
n = 100000
n = 200000
n = 300000
n = 400000
Lattice Length = 12
T = 0.8
spin update rate = 0.180469
n = 0
n = 100000
n = 200000
n = 300000
n = 400000
Lattice Length = 12
T = 0.75
spin update rate = 0.167553
n = 0
n = 100000
n = 200000
n = 300000
n = 400000
Lattice Length = 12
T = 0.7
spin update rate = 0.157223
n = 0
n = 100000
n = 200000
n = 300000
n = 400000
Lattice Length = 12
T = 0.65
spin update rate = 0.144071
n = 0
n = 100000
n = 200000
n = 300000
n = 400000
Lattice Length = 12
T = 0.55
spin update rate = 0.118216
n = 0
n = 100000
n = 200000
n = 300000
n = 400000
Lattice Length = 12
T = 0.45
spin update rate = 0.097
n = 0
n = 100000
n = 200000
n = 300000
n = 400000
Lattice Length = 12
T = 0.35
spin update rate = 0.086566
n = 0
n = 100000
n = 200000
n = 300000
n = 400000
Lattice Length = 12
T = 0.25
spin update rate = 0.0833552
n = 0
n = 100000
n = 200000
n = 300000
n = 400000
Lattice Length = 12
T = 0.15
spin update rate = 0.0830594
n = 0
n = 100000
n = 200000
n = 300000
n = 400000
Lattice Length = 12
T = 0.05
spin update rate = 0.0837038
n = 0
n = 100000
n = 200000
n = 300000
n = 400000
