Thank you for choosing the Potts Model :)
Lattice Length = 8
T = 1.5
spin update rate = 0.430041
n = 0
n = 100000
n = 200000
n = 300000
n = 400000
Lattice Length = 8
T = 1.4
spin update rate = 0.394001
n = 0
n = 100000
n = 200000
n = 300000
n = 400000
Lattice Length = 8
T = 1.3
spin update rate = 0.352947
n = 0
n = 100000
n = 200000
n = 300000
n = 400000
Lattice Length = 8
T = 1.2
spin update rate = 0.309905
n = 0
n = 100000
n = 200000
n = 300000
n = 400000
Lattice Length = 8
T = 1.1
spin update rate = 0.268831
n = 0
n = 100000
n = 200000
n = 300000
n = 400000
Lattice Length = 8
T = 1.05
spin update rate = 0.249904
n = 0
n = 100000
n = 200000
n = 300000
n = 400000
Lattice Length = 8
T = 1
spin update rate = 0.234431
n = 0
n = 100000
n = 200000
n = 300000
n = 400000
Lattice Length = 8
T = 0.95
spin update rate = 0.217681
n = 0
n = 100000
n = 200000
n = 300000
n = 400000
Lattice Length = 8
T = 0.9
spin update rate = 0.20414
n = 0
n = 100000
n = 200000
n = 300000
n = 400000
Lattice Length = 8
T = 0.85
spin update rate = 0.190981
n = 0
n = 100000
n = 200000
n = 300000
n = 400000
Lattice Length = 8
T = 0.8
spin update rate = 0.17999
n = 0
n = 100000
n = 200000
n = 300000
n = 400000
Lattice Length = 8
T = 0.75
spin update rate = 0.167431
n = 0
n = 100000
n = 200000
n = 300000
n = 400000
Lattice Length = 8
T = 0.7
spin update rate = 0.155984
n = 0
n = 100000
n = 200000
n = 300000
n = 400000
Lattice Length = 8
T = 0.65
spin update rate = 0.144297
n = 0
n = 100000
n = 200000
n = 300000
n = 400000
Lattice Length = 8
T = 0.55
spin update rate = 0.117471
n = 0
n = 100000
n = 200000
n = 300000
n = 400000
Lattice Length = 8
T = 0.45
spin update rate = 0.0967078
n = 0
n = 100000
n = 200000
n = 300000
n = 400000
Lattice Length = 8
T = 0.35
spin update rate = 0.0868219
n = 0
n = 100000
n = 200000
n = 300000
n = 400000
Lattice Length = 8
T = 0.25
spin update rate = 0.0832
n = 0
n = 100000
n = 200000
n = 300000
n = 400000
Lattice Length = 8
T = 0.15
spin update rate = 0.0831039
n = 0
n = 100000
n = 200000
n = 300000
n = 400000
Lattice Length = 8
T = 0.05
spin update rate = 0.0834227
n = 0
n = 100000
n = 200000
n = 300000
n = 400000
