Thank you for choosing the Potts Model :)
Lattice Length = 48
T = 1.5
spin update rate = 0.433791
n = 0
n = 100000
n = 200000
n = 300000
n = 400000
Lattice Length = 48
T = 1.4
spin update rate = 0.40266
n = 0
n = 100000
n = 200000
n = 300000
n = 400000
Lattice Length = 48
T = 1.3
spin update rate = 0.367523
n = 0
n = 100000
n = 200000
n = 300000
n = 400000
Lattice Length = 48
T = 1.2
spin update rate = 0.328193
n = 0
n = 100000
n = 200000
n = 300000
n = 400000
Lattice Length = 48
T = 1.1
spin update rate = 0.285117
n = 0
n = 100000
n = 200000
n = 300000
n = 400000
Lattice Length = 48
T = 1.05
spin update rate = 0.261412
n = 0
n = 100000
n = 200000
n = 300000
n = 400000
Lattice Length = 48
T = 1
spin update rate = 0.240739
n = 0
n = 100000
n = 200000
n = 300000
n = 400000
Lattice Length = 48
T = 0.95
spin update rate = 0.22152
n = 0
n = 100000
n = 200000
n = 300000
n = 400000
Lattice Length = 48
T = 0.9
spin update rate = 0.207023
n = 0
n = 100000
n = 200000
n = 300000
n = 400000
Lattice Length = 48
T = 0.85
spin update rate = 0.192938
n = 0
n = 100000
n = 200000
n = 300000
n = 400000
Lattice Length = 48
T = 0.8
spin update rate = 0.180595
n = 0
n = 100000
n = 200000
n = 300000
n = 400000
Lattice Length = 48
T = 0.75
spin update rate = 0.168949
n = 0
n = 100000
n = 200000
n = 300000
n = 400000
Lattice Length = 48
T = 0.7
spin update rate = 0.15725
n = 0
n = 100000
n = 200000
n = 300000
n = 400000
Lattice Length = 48
T = 0.65
spin update rate = 0.144477
n = 0
n = 100000
n = 200000
n = 300000
n = 400000
Lattice Length = 48
T = 0.55
spin update rate = 0.117699
n = 0
n = 100000
n = 200000
n = 300000
n = 400000
Lattice Length = 48
T = 0.45
spin update rate = 0.0968655
n = 0
n = 100000
n = 200000
n = 300000
n = 400000
Lattice Length = 48
T = 0.35
spin update rate = 0.08668
n = 0
n = 100000
n = 200000
n = 300000
n = 400000
Lattice Length = 48
T = 0.25
spin update rate = 0.0836685
n = 0
n = 100000
n = 200000
n = 300000
n = 400000
Lattice Length = 48
T = 0.15
spin update rate = 0.0832942
n = 0
n = 100000
n = 200000
n = 300000
n = 400000
Lattice Length = 48
T = 0.05
spin update rate = 0.0833231
n = 0
n = 100000
n = 200000
n = 300000
n = 400000
